# JRE version: OpenJDK Runtime Environment (8.0_152-b02) (build 1.8.0_152-release-1024-b02)
# Java VM: OpenJDK 64-Bit Server VM (25.152-b02 mixed mode windows-amd64 compressed oops)
Heap:
 PSYoungGen      total 257024K, used 36373K [0x00000000e0000000, 0x00000000f6d00000, 0x0000000100000000)
  eden space 239104K, 7% used [0x00000000e0000000,0x00000000e1209560,0x00000000ee980000)
  from space 17920K, 99% used [0x00000000ee980000,0x00000000efafc108,0x00000000efb00000)
  to   space 27136K, 0% used [0x00000000f5280000,0x00000000f5280000,0x00000000f6d00000)
 ParOldGen       total 167936K, used 71020K [0x00000000a0000000, 0x00000000aa400000, 0x00000000e0000000)
  object space 167936K, 42% used [0x00000000a0000000,0x00000000a455b020,0x00000000aa400000)
 Metaspace       used 81929K, capacity 85516K, committed 85760K, reserved 1124352K
  class space    used 10623K, capacity 11407K, committed 11520K, reserved 1048576K
GC Heap History (10 events):
Event: 11.719 GC heap before
{Heap before GC invocations=14 (full 3):
 PSYoungGen      total 141312K, used 12845K [0x00000000e0000000, 0x00000000ed880000, 0x0000000100000000)
  eden space 121856K, 0% used [0x00000000e0000000,0x00000000e0000000,0x00000000e7700000)
  from space 19456K, 66% used [0x00000000e7700000,0x00000000e838b500,0x00000000e8a00000)
  to   space 19456K, 0% used [0x00000000ec580000,0x00000000ec580000,0x00000000ed880000)
 ParOldGen       total 135168K, used 31622K [0x00000000a0000000, 0x00000000a8400000, 0x00000000e0000000)
  object space 135168K, 23% used [0x00000000a0000000,0x00000000a1ee1a18,0x00000000a8400000)
 Metaspace       used 57071K, capacity 58870K, committed 59008K, reserved 1099776K
  class space    used 7783K, capacity 8227K, committed 8320K, reserved 1048576K
Event: 11.947 GC heap after
Heap after GC invocations=14 (full 3):
 PSYoungGen      total 141312K, used 0K [0x00000000e0000000, 0x00000000ed880000, 0x0000000100000000)
  eden space 121856K, 0% used [0x00000000e0000000,0x00000000e0000000,0x00000000e7700000)
  from space 19456K, 0% used [0x00000000e7700000,0x00000000e7700000,0x00000000e8a00000)
  to   space 19456K, 0% used [0x00000000ec580000,0x00000000ec580000,0x00000000ed880000)
 ParOldGen       total 167936K, used 34814K [0x00000000a0000000, 0x00000000aa400000, 0x00000000e0000000)
  object space 167936K, 20% used [0x00000000a0000000,0x00000000a21ffb50,0x00000000aa400000)
 Metaspace       used 57071K, capacity 58870K, committed 59008K, reserved 1099776K
  class space    used 7783K, capacity 8227K, committed 8320K, reserved 1048576K
}
Event: 15.489 GC heap before
{Heap before GC invocations=15 (full 3):
 PSYoungGen      total 141312K, used 121856K [0x00000000e0000000, 0x00000000ed880000, 0x0000000100000000)
  eden space 121856K, 100% used [0x00000000e0000000,0x00000000e7700000,0x00000000e7700000)
  from space 19456K, 0% used [0x00000000e7700000,0x00000000e7700000,0x00000000e8a00000)
  to   space 19456K, 0% used [0x00000000ec580000,0x00000000ec580000,0x00000000ed880000)
 ParOldGen       total 167936K, used 34814K [0x00000000a0000000, 0x00000000aa400000, 0x00000000e0000000)
  object space 167936K, 20% used [0x00000000a0000000,0x00000000a21ffb50,0x00000000aa400000)
 Metaspace       used 58747K, capacity 60616K, committed 60800K, reserved 1101824K
  class space    used 7967K, capacity 8449K, committed 8576K, reserved 1048576K
Event: 15.523 GC heap after
Heap after GC invocations=15 (full 3):
 PSYoungGen      total 186368K, used 11086K [0x00000000e0000000, 0x00000000ed080000, 0x0000000100000000)
  eden space 175104K, 0% used [0x00000000e0000000,0x00000000e0000000,0x00000000eab00000)
  from space 11264K, 98% used [0x00000000ec580000,0x00000000ed053930,0x00000000ed080000)
  to   space 18944K, 0% used [0x00000000eab80000,0x00000000eab80000,0x00000000ebe00000)
 ParOldGen       total 167936K, used 34814K [0x00000000a0000000, 0x00000000aa400000, 0x00000000e0000000)
  object space 167936K, 20% used [0x00000000a0000000,0x00000000a21ffb50,0x00000000aa400000)
 Metaspace       used 58747K, capacity 60616K, committed 60800K, reserved 1101824K
  class space    used 7967K, capacity 8449K, committed 8576K, reserved 1048576K
}
Event: 394.079 GC heap before
{Heap before GC invocations=16 (full 3):
 PSYoungGen      total 186368K, used 186190K [0x00000000e0000000, 0x00000000ed080000, 0x0000000100000000)
  eden space 175104K, 100% used [0x00000000e0000000,0x00000000eab00000,0x00000000eab00000)
  from space 11264K, 98% used [0x00000000ec580000,0x00000000ed053930,0x00000000ed080000)
  to   space 18944K, 0% used [0x00000000eab80000,0x00000000eab80000,0x00000000ebe00000)
 ParOldGen       total 167936K, used 34814K [0x00000000a0000000, 0x00000000aa400000, 0x00000000e0000000)
  object space 167936K, 20% used [0x00000000a0000000,0x00000000a21ffb50,0x00000000aa400000)
 Metaspace       used 63501K, capacity 65860K, committed 66176K, reserved 1105920K
  class space    used 8422K, capacity 9005K, committed 9088K, reserved 1048576K
Event: 394.109 GC heap after
Heap after GC invocations=16 (full 3):
 PSYoungGen      total 194560K, used 11166K [0x00000000e0000000, 0x00000000f1280000, 0x0000000100000000)
  eden space 175616K, 0% used [0x00000000e0000000,0x00000000e0000000,0x00000000eab80000)
  from space 18944K, 58% used [0x00000000eab80000,0x00000000eb667ad8,0x00000000ebe00000)
  to   space 17920K, 0% used [0x00000000f0100000,0x00000000f0100000,0x00000000f1280000)
 ParOldGen       total 167936K, used 44939K [0x00000000a0000000, 0x00000000aa400000, 0x00000000e0000000)
  object space 167936K, 26% used [0x00000000a0000000,0x00000000a2be2c10,0x00000000aa400000)
 Metaspace       used 63501K, capacity 65860K, committed 66176K, reserved 1105920K
  class space    used 8422K, capacity 9005K, committed 9088K, reserved 1048576K
}
Event: 399.400 GC heap before
{Heap before GC invocations=17 (full 3):
 PSYoungGen      total 194560K, used 186782K [0x00000000e0000000, 0x00000000f1280000, 0x0000000100000000)
  eden space 175616K, 100% used [0x00000000e0000000,0x00000000eab80000,0x00000000eab80000)
  from space 18944K, 58% used [0x00000000eab80000,0x00000000eb667ad8,0x00000000ebe00000)
  to   space 17920K, 0% used [0x00000000f0100000,0x00000000f0100000,0x00000000f1280000)
 ParOldGen       total 167936K, used 44939K [0x00000000a0000000, 0x00000000aa400000, 0x00000000e0000000)
  object space 167936K, 26% used [0x00000000a0000000,0x00000000a2be2c10,0x00000000aa400000)
 Metaspace       used 72532K, capacity 75026K, committed 75136K, reserved 1114112K
  class space    used 9402K, capacity 10022K, committed 10112K, reserved 1048576K
Event: 399.429 GC heap after
Heap after GC invocations=17 (full 3):
 PSYoungGen      total 250880K, used 8172K [0x00000000e0000000, 0x00000000f0c80000, 0x0000000100000000)
  eden space 239104K, 0% used [0x00000000e0000000,0x00000000e0000000,0x00000000ee980000)
  from space 11776K, 69% used [0x00000000f0100000,0x00000000f08fb028,0x00000000f0c80000)
  to   space 17920K, 0% used [0x00000000ee980000,0x00000000ee980000,0x00000000efb00000)
 ParOldGen       total 167936K, used 51698K [0x00000000a0000000, 0x00000000aa400000, 0x00000000e0000000)
  object space 167936K, 30% used [0x00000000a0000000,0x00000000a327cbb0,0x00000000aa400000)
 Metaspace       used 72532K, capacity 75026K, committed 75136K, reserved 1114112K
  class space    used 9402K, capacity 10022K, committed 10112K, reserved 1048576K
}
Event: 403.079 GC heap before
{Heap before GC invocations=18 (full 3):
 PSYoungGen      total 250880K, used 247276K [0x00000000e0000000, 0x00000000f0c80000, 0x0000000100000000)
  eden space 239104K, 100% used [0x00000000e0000000,0x00000000ee980000,0x00000000ee980000)
  from space 11776K, 69% used [0x00000000f0100000,0x00000000f08fb028,0x00000000f0c80000)
  to   space 17920K, 0% used [0x00000000ee980000,0x00000000ee980000,0x00000000efb00000)
 ParOldGen       total 167936K, used 51698K [0x00000000a0000000, 0x00000000aa400000, 0x00000000e0000000)
  object space 167936K, 30% used [0x00000000a0000000,0x00000000a327cbb0,0x00000000aa400000)
 Metaspace       used 81777K, capacity 85394K, committed 85632K, reserved 1124352K
  class space    used 10615K, capacity 11372K, committed 11392K, reserved 1048576K
Event: 403.145 GC heap after
Heap after GC invocations=18 (full 3):
 PSYoungGen      total 257024K, used 17904K [0x00000000e0000000, 0x00000000f6d00000, 0x0000000100000000)
  eden space 239104K, 0% used [0x00000000e0000000,0x00000000e0000000,0x00000000ee980000)
  from space 17920K, 99% used [0x00000000ee980000,0x00000000efafc108,0x00000000efb00000)
  to   space 27136K, 0% used [0x00000000f5280000,0x00000000f5280000,0x00000000f6d00000)
 ParOldGen       total 167936K, used 71020K [0x00000000a0000000, 0x00000000aa400000, 0x00000000e0000000)
  object space 167936K, 42% used [0x00000000a0000000,0x00000000a455b020,0x00000000aa400000)
 Metaspace       used 81777K, capacity 85394K, committed 85632K, reserved 1124352K
  class space    used 10615K, capacity 11372K, committed 11392K, reserved 1048576K
}

