# JRE version: OpenJDK Runtime Environment (8.0_152-b02) (build 1.8.0_152-release-1024-b02)
# Java VM: OpenJDK 64-Bit Server VM (25.152-b02 mixed mode windows-amd64 compressed oops)
Heap:
 PSYoungGen      total 182272K, used 156950K [0x00000000e0000000, 0x00000000ef000000, 0x0000000100000000)
  eden space 151552K, 93% used [0x00000000e0000000,0x00000000e8acfe08,0x00000000e9400000)
  from space 30720K, 48% used [0x00000000ed200000,0x00000000ee075d90,0x00000000ef000000)
  to   space 31232K, 0% used [0x00000000e9400000,0x00000000e9400000,0x00000000eb280000)
 ParOldGen       total 258560K, used 55187K [0x00000000a0000000, 0x00000000afc80000, 0x00000000e0000000)
  object space 258560K, 21% used [0x00000000a0000000,0x00000000a35e4dd8,0x00000000afc80000)
 Metaspace       used 65535K, capacity 68196K, committed 68480K, reserved 1107968K
  class space    used 8736K, capacity 9279K, committed 9344K, reserved 1048576K
GC Heap History (10 events):
Event: 13.570 GC heap before
{Heap before GC invocations=13 (full 3):
 PSYoungGen      total 146432K, used 19963K [0x00000000e0000000, 0x00000000eba80000, 0x0000000100000000)
  eden space 126464K, 0% used [0x00000000e0000000,0x00000000e0000000,0x00000000e7b80000)
  from space 19968K, 99% used [0x00000000e9600000,0x00000000ea97ee08,0x00000000ea980000)
  to   space 27136K, 0% used [0x00000000e7b80000,0x00000000e7b80000,0x00000000e9600000)
 ParOldGen       total 161792K, used 38505K [0x00000000a0000000, 0x00000000a9e00000, 0x00000000e0000000)
  object space 161792K, 23% used [0x00000000a0000000,0x00000000a259a730,0x00000000a9e00000)
 Metaspace       used 57160K, capacity 58814K, committed 59008K, reserved 1099776K
  class space    used 7821K, capacity 8212K, committed 8320K, reserved 1048576K
Event: 13.853 GC heap after
Heap after GC invocations=13 (full 3):
 PSYoungGen      total 146432K, used 0K [0x00000000e0000000, 0x00000000eba80000, 0x0000000100000000)
  eden space 126464K, 0% used [0x00000000e0000000,0x00000000e0000000,0x00000000e7b80000)
  from space 19968K, 0% used [0x00000000e9600000,0x00000000e9600000,0x00000000ea980000)
  to   space 27136K, 0% used [0x00000000e7b80000,0x00000000e7b80000,0x00000000e9600000)
 ParOldGen       total 258560K, used 50311K [0x00000000a0000000, 0x00000000afc80000, 0x00000000e0000000)
  object space 258560K, 19% used [0x00000000a0000000,0x00000000a3121db0,0x00000000afc80000)
 Metaspace       used 57160K, capacity 58814K, committed 59008K, reserved 1099776K
  class space    used 7821K, capacity 8212K, committed 8320K, reserved 1048576K
}
Event: 15.586 GC heap before
{Heap before GC invocations=14 (full 3):
 PSYoungGen      total 146432K, used 126464K [0x00000000e0000000, 0x00000000eba80000, 0x0000000100000000)
  eden space 126464K, 100% used [0x00000000e0000000,0x00000000e7b80000,0x00000000e7b80000)
  from space 19968K, 0% used [0x00000000e9600000,0x00000000e9600000,0x00000000ea980000)
  to   space 27136K, 0% used [0x00000000e7b80000,0x00000000e7b80000,0x00000000e9600000)
 ParOldGen       total 258560K, used 50311K [0x00000000a0000000, 0x00000000afc80000, 0x00000000e0000000)
  object space 258560K, 19% used [0x00000000a0000000,0x00000000a3121db0,0x00000000afc80000)
 Metaspace       used 59571K, capacity 61670K, committed 61824K, reserved 1101824K
  class space    used 8087K, capacity 8512K, committed 8576K, reserved 1048576K
Event: 15.634 GC heap after
Heap after GC invocations=14 (full 3):
 PSYoungGen      total 153600K, used 27114K [0x00000000e0000000, 0x00000000ed580000, 0x0000000100000000)
  eden space 126464K, 0% used [0x00000000e0000000,0x00000000e0000000,0x00000000e7b80000)
  from space 27136K, 99% used [0x00000000e7b80000,0x00000000e95fa928,0x00000000e9600000)
  to   space 32768K, 0% used [0x00000000eb580000,0x00000000eb580000,0x00000000ed580000)
 ParOldGen       total 258560K, used 55163K [0x00000000a0000000, 0x00000000afc80000, 0x00000000e0000000)
  object space 258560K, 21% used [0x00000000a0000000,0x00000000a35dedd8,0x00000000afc80000)
 Metaspace       used 59571K, capacity 61670K, committed 61824K, reserved 1101824K
  class space    used 8087K, capacity 8512K, committed 8576K, reserved 1048576K
}
Event: 17.155 GC heap before
{Heap before GC invocations=15 (full 3):
 PSYoungGen      total 153600K, used 153578K [0x00000000e0000000, 0x00000000ed580000, 0x0000000100000000)
  eden space 126464K, 100% used [0x00000000e0000000,0x00000000e7b80000,0x00000000e7b80000)
  from space 27136K, 99% used [0x00000000e7b80000,0x00000000e95fa928,0x00000000e9600000)
  to   space 32768K, 0% used [0x00000000eb580000,0x00000000eb580000,0x00000000ed580000)
 ParOldGen       total 258560K, used 55163K [0x00000000a0000000, 0x00000000afc80000, 0x00000000e0000000)
  object space 258560K, 21% used [0x00000000a0000000,0x00000000a35dedd8,0x00000000afc80000)
 Metaspace       used 60942K, capacity 63236K, committed 63360K, reserved 1103872K
  class space    used 8251K, capacity 8739K, committed 8832K, reserved 1048576K
Event: 17.175 GC heap after
Heap after GC invocations=15 (full 3):
 PSYoungGen      total 179712K, used 15368K [0x00000000e0000000, 0x00000000ed100000, 0x0000000100000000)
  eden space 151552K, 0% used [0x00000000e0000000,0x00000000e0000000,0x00000000e9400000)
  from space 28160K, 54% used [0x00000000eb580000,0x00000000ec482028,0x00000000ed100000)
  to   space 31232K, 0% used [0x00000000e9400000,0x00000000e9400000,0x00000000eb280000)
 ParOldGen       total 258560K, used 55171K [0x00000000a0000000, 0x00000000afc80000, 0x00000000e0000000)
  object space 258560K, 21% used [0x00000000a0000000,0x00000000a35e0dd8,0x00000000afc80000)
 Metaspace       used 60942K, capacity 63236K, committed 63360K, reserved 1103872K
  class space    used 8251K, capacity 8739K, committed 8832K, reserved 1048576K
}
Event: 17.843 GC heap before
{Heap before GC invocations=16 (full 3):
 PSYoungGen      total 179712K, used 166186K [0x00000000e0000000, 0x00000000ed100000, 0x0000000100000000)
  eden space 151552K, 99% used [0x00000000e0000000,0x00000000e93489b0,0x00000000e9400000)
  from space 28160K, 54% used [0x00000000eb580000,0x00000000ec482028,0x00000000ed100000)
  to   space 31232K, 0% used [0x00000000e9400000,0x00000000e9400000,0x00000000eb280000)
 ParOldGen       total 258560K, used 55171K [0x00000000a0000000, 0x00000000afc80000, 0x00000000e0000000)
  object space 258560K, 21% used [0x00000000a0000000,0x00000000a35e0dd8,0x00000000afc80000)
 Metaspace       used 61940K, capacity 64394K, committed 64512K, reserved 1105920K
  class space    used 8402K, capacity 8878K, committed 8960K, reserved 1048576K
Event: 17.862 GC heap after
Heap after GC invocations=16 (full 3):
 PSYoungGen      total 182784K, used 18382K [0x00000000e0000000, 0x00000000ef000000, 0x0000000100000000)
  eden space 151552K, 0% used [0x00000000e0000000,0x00000000e0000000,0x00000000e9400000)
  from space 31232K, 58% used [0x00000000e9400000,0x00000000ea5f3bc0,0x00000000eb280000)
  to   space 30720K, 0% used [0x00000000ed200000,0x00000000ed200000,0x00000000ef000000)
 ParOldGen       total 258560K, used 55179K [0x00000000a0000000, 0x00000000afc80000, 0x00000000e0000000)
  object space 258560K, 21% used [0x00000000a0000000,0x00000000a35e2dd8,0x00000000afc80000)
 Metaspace       used 61940K, capacity 64394K, committed 64512K, reserved 1105920K
  class space    used 8402K, capacity 8878K, committed 8960K, reserved 1048576K
}
Event: 17.879 GC heap before
{Heap before GC invocations=17 (full 3):
 PSYoungGen      total 182784K, used 169070K [0x00000000e0000000, 0x00000000ef000000, 0x0000000100000000)
  eden space 151552K, 99% used [0x00000000e0000000,0x00000000e9327e70,0x00000000e9400000)
  from space 31232K, 58% used [0x00000000e9400000,0x00000000ea5f3bc0,0x00000000eb280000)
  to   space 30720K, 0% used [0x00000000ed200000,0x00000000ed200000,0x00000000ef000000)
 ParOldGen       total 258560K, used 55179K [0x00000000a0000000, 0x00000000afc80000, 0x00000000e0000000)
  object space 258560K, 21% used [0x00000000a0000000,0x00000000a35e2dd8,0x00000000afc80000)
 Metaspace       used 61947K, capacity 64394K, committed 64512K, reserved 1105920K
  class space    used 8402K, capacity 8878K, committed 8960K, reserved 1048576K
Event: 17.904 GC heap after
Heap after GC invocations=17 (full 3):
 PSYoungGen      total 182272K, used 14807K [0x00000000e0000000, 0x00000000ef000000, 0x0000000100000000)
  eden space 151552K, 0% used [0x00000000e0000000,0x00000000e0000000,0x00000000e9400000)
  from space 30720K, 48% used [0x00000000ed200000,0x00000000ee075d90,0x00000000ef000000)
  to   space 31232K, 0% used [0x00000000e9400000,0x00000000e9400000,0x00000000eb280000)
 ParOldGen       total 258560K, used 55187K [0x00000000a0000000, 0x00000000afc80000, 0x00000000e0000000)
  object space 258560K, 21% used [0x00000000a0000000,0x00000000a35e4dd8,0x00000000afc80000)
 Metaspace       used 61947K, capacity 64394K, committed 64512K, reserved 1105920K
  class space    used 8402K, capacity 8878K, committed 8960K, reserved 1048576K
}

