# JRE version: OpenJDK Runtime Environment (8.0_152-b02) (build 1.8.0_152-release-1024-b02)
# Java VM: OpenJDK 64-Bit Server VM (25.152-b02 mixed mode windows-amd64 compressed oops)
Heap:
 PSYoungGen      total 284160K, used 39376K [0x00000000e0000000, 0x00000000f3100000, 0x0000000100000000)
  eden space 259072K, 15% used [0x00000000e0000000,0x00000000e2674010,0x00000000efd00000)
  from space 25088K, 0% used [0x00000000efd00000,0x00000000efd00000,0x00000000f1580000)
  to   space 17920K, 0% used [0x00000000f1580000,0x00000000f1580000,0x00000000f2700000)
 ParOldGen       total 166912K, used 44892K [0x00000000a0000000, 0x00000000aa300000, 0x00000000e0000000)
  object space 166912K, 26% used [0x00000000a0000000,0x00000000a2bd7278,0x00000000aa300000)
 Metaspace       used 58688K, capacity 60988K, committed 61312K, reserved 1101824K
  class space    used 7943K, capacity 8499K, committed 8576K, reserved 1048576K
GC Heap History (10 events):
Event: 6.403 GC heap before
{Heap before GC invocations=8 (full 2):
 PSYoungGen      total 182784K, used 12178K [0x00000000e0000000, 0x00000000ec200000, 0x0000000100000000)
  eden space 169984K, 0% used [0x00000000e0000000,0x00000000e0000000,0x00000000ea600000)
  from space 12800K, 95% used [0x00000000eb580000,0x00000000ec164b00,0x00000000ec200000)
  to   space 14336K, 0% used [0x00000000ea600000,0x00000000ea600000,0x00000000eb400000)
 ParOldGen       total 71168K, used 10140K [0x00000000a0000000, 0x00000000a4580000, 0x00000000e0000000)
  object space 71168K, 14% used [0x00000000a0000000,0x00000000a09e72e8,0x00000000a4580000)
 Metaspace       used 34454K, capacity 35294K, committed 35416K, reserved 1079296K
  class space    used 4819K, capacity 5068K, committed 5120K, reserved 1048576K
Event: 6.499 GC heap after
Heap after GC invocations=8 (full 2):
 PSYoungGen      total 182784K, used 0K [0x00000000e0000000, 0x00000000ec200000, 0x0000000100000000)
  eden space 169984K, 0% used [0x00000000e0000000,0x00000000e0000000,0x00000000ea600000)
  from space 12800K, 0% used [0x00000000eb580000,0x00000000eb580000,0x00000000ec200000)
  to   space 14336K, 0% used [0x00000000ea600000,0x00000000ea600000,0x00000000eb400000)
 ParOldGen       total 105984K, used 19356K [0x00000000a0000000, 0x00000000a6780000, 0x00000000e0000000)
  object space 105984K, 18% used [0x00000000a0000000,0x00000000a12e73d0,0x00000000a6780000)
 Metaspace       used 34454K, capacity 35294K, committed 35416K, reserved 1079296K
  class space    used 4819K, capacity 5068K, committed 5120K, reserved 1048576K
}
Event: 8.961 GC heap before
{Heap before GC invocations=9 (full 2):
 PSYoungGen      total 182784K, used 169984K [0x00000000e0000000, 0x00000000ec200000, 0x0000000100000000)
  eden space 169984K, 100% used [0x00000000e0000000,0x00000000ea600000,0x00000000ea600000)
  from space 12800K, 0% used [0x00000000eb580000,0x00000000eb580000,0x00000000ec200000)
  to   space 14336K, 0% used [0x00000000ea600000,0x00000000ea600000,0x00000000eb400000)
 ParOldGen       total 105984K, used 19356K [0x00000000a0000000, 0x00000000a6780000, 0x00000000e0000000)
  object space 105984K, 18% used [0x00000000a0000000,0x00000000a12e73d0,0x00000000a6780000)
 Metaspace       used 47875K, capacity 49184K, committed 49280K, reserved 1091584K
  class space    used 6533K, capacity 6950K, committed 7040K, reserved 1048576K
Event: 8.985 GC heap after
Heap after GC invocations=9 (full 2):
 PSYoungGen      total 184320K, used 14316K [0x00000000e0000000, 0x00000000f2700000, 0x0000000100000000)
  eden space 169984K, 0% used [0x00000000e0000000,0x00000000e0000000,0x00000000ea600000)
  from space 14336K, 99% used [0x00000000ea600000,0x00000000eb3fb2b0,0x00000000eb400000)
  to   space 17920K, 0% used [0x00000000f1580000,0x00000000f1580000,0x00000000f2700000)
 ParOldGen       total 105984K, used 22771K [0x00000000a0000000, 0x00000000a6780000, 0x00000000e0000000)
  object space 105984K, 21% used [0x00000000a0000000,0x00000000a163cfe0,0x00000000a6780000)
 Metaspace       used 47875K, capacity 49184K, committed 49280K, reserved 1091584K
  class space    used 6533K, capacity 6950K, committed 7040K, reserved 1048576K
}
Event: 10.735 GC heap before
{Heap before GC invocations=10 (full 2):
 PSYoungGen      total 184320K, used 184300K [0x00000000e0000000, 0x00000000f2700000, 0x0000000100000000)
  eden space 169984K, 100% used [0x00000000e0000000,0x00000000ea600000,0x00000000ea600000)
  from space 14336K, 99% used [0x00000000ea600000,0x00000000eb3fb2b0,0x00000000eb400000)
  to   space 17920K, 0% used [0x00000000f1580000,0x00000000f1580000,0x00000000f2700000)
 ParOldGen       total 105984K, used 22771K [0x00000000a0000000, 0x00000000a6780000, 0x00000000e0000000)
  object space 105984K, 21% used [0x00000000a0000000,0x00000000a163cfe0,0x00000000a6780000)
 Metaspace       used 53899K, capacity 55678K, committed 55808K, reserved 1097728K
  class space    used 7466K, capacity 7893K, committed 7936K, reserved 1048576K
Event: 10.769 GC heap after
Heap after GC invocations=10 (full 2):
 PSYoungGen      total 276992K, used 17904K [0x00000000e0000000, 0x00000000f3100000, 0x0000000100000000)
  eden space 259072K, 0% used [0x00000000e0000000,0x00000000e0000000,0x00000000efd00000)
  from space 17920K, 99% used [0x00000000f1580000,0x00000000f26fc240,0x00000000f2700000)
  to   space 25088K, 0% used [0x00000000efd00000,0x00000000efd00000,0x00000000f1580000)
 ParOldGen       total 105984K, used 33666K [0x00000000a0000000, 0x00000000a6780000, 0x00000000e0000000)
  object space 105984K, 31% used [0x00000000a0000000,0x00000000a20e0930,0x00000000a6780000)
 Metaspace       used 53899K, capacity 55678K, committed 55808K, reserved 1097728K
  class space    used 7466K, capacity 7893K, committed 7936K, reserved 1048576K
}
Event: 13.500 GC heap before
{Heap before GC invocations=11 (full 2):
 PSYoungGen      total 276992K, used 111002K [0x00000000e0000000, 0x00000000f3100000, 0x0000000100000000)
  eden space 259072K, 35% used [0x00000000e0000000,0x00000000e5aea5c0,0x00000000efd00000)
  from space 17920K, 99% used [0x00000000f1580000,0x00000000f26fc240,0x00000000f2700000)
  to   space 25088K, 0% used [0x00000000efd00000,0x00000000efd00000,0x00000000f1580000)
 ParOldGen       total 105984K, used 33666K [0x00000000a0000000, 0x00000000a6780000, 0x00000000e0000000)
  object space 105984K, 31% used [0x00000000a0000000,0x00000000a20e0930,0x00000000a6780000)
 Metaspace       used 56746K, capacity 58884K, committed 59028K, reserved 1099776K
  class space    used 7799K, capacity 8351K, committed 8448K, reserved 1048576K
Event: 13.528 GC heap after
Heap after GC invocations=11 (full 2):
 PSYoungGen      total 284160K, used 23337K [0x00000000e0000000, 0x00000000f3100000, 0x0000000100000000)
  eden space 259072K, 0% used [0x00000000e0000000,0x00000000e0000000,0x00000000efd00000)
  from space 25088K, 93% used [0x00000000efd00000,0x00000000f13ca630,0x00000000f1580000)
  to   space 17920K, 0% used [0x00000000f1580000,0x00000000f1580000,0x00000000f2700000)
 ParOldGen       total 105984K, used 33674K [0x00000000a0000000, 0x00000000a6780000, 0x00000000e0000000)
  object space 105984K, 31% used [0x00000000a0000000,0x00000000a20e2930,0x00000000a6780000)
 Metaspace       used 56746K, capacity 58884K, committed 59028K, reserved 1099776K
  class space    used 7799K, capacity 8351K, committed 8448K, reserved 1048576K
}
Event: 13.528 GC heap before
{Heap before GC invocations=12 (full 3):
 PSYoungGen      total 284160K, used 23337K [0x00000000e0000000, 0x00000000f3100000, 0x0000000100000000)
  eden space 259072K, 0% used [0x00000000e0000000,0x00000000e0000000,0x00000000efd00000)
  from space 25088K, 93% used [0x00000000efd00000,0x00000000f13ca630,0x00000000f1580000)
  to   space 17920K, 0% used [0x00000000f1580000,0x00000000f1580000,0x00000000f2700000)
 ParOldGen       total 105984K, used 33674K [0x00000000a0000000, 0x00000000a6780000, 0x00000000e0000000)
  object space 105984K, 31% used [0x00000000a0000000,0x00000000a20e2930,0x00000000a6780000)
 Metaspace       used 56746K, capacity 58884K, committed 59028K, reserved 1099776K
  class space    used 7799K, capacity 8351K, committed 8448K, reserved 1048576K
Event: 14.012 GC heap after
Heap after GC invocations=12 (full 3):
 PSYoungGen      total 284160K, used 0K [0x00000000e0000000, 0x00000000f3100000, 0x0000000100000000)
  eden space 259072K, 0% used [0x00000000e0000000,0x00000000e0000000,0x00000000efd00000)
  from space 25088K, 0% used [0x00000000efd00000,0x00000000efd00000,0x00000000f1580000)
  to   space 17920K, 0% used [0x00000000f1580000,0x00000000f1580000,0x00000000f2700000)
 ParOldGen       total 166912K, used 44892K [0x00000000a0000000, 0x00000000aa300000, 0x00000000e0000000)
  object space 166912K, 26% used [0x00000000a0000000,0x00000000a2bd7278,0x00000000aa300000)
 Metaspace       used 56746K, capacity 58884K, committed 59028K, reserved 1099776K
  class space    used 7799K, capacity 8351K, committed 8448K, reserved 1048576K
}

