# JRE version: OpenJDK Runtime Environment (8.0_152-b02) (build 1.8.0_152-release-1024-b02)
# Java VM: OpenJDK 64-Bit Server VM (25.152-b02 mixed mode windows-amd64 compressed oops)
Heap:
 PSYoungGen      total 205312K, used 201844K [0x00000000e0000000, 0x00000000f0500000, 0x0000000100000000)
  eden space 169984K, 98% used [0x00000000e0000000,0x00000000ea2d0e50,0x00000000ea600000)
  from space 35328K, 99% used [0x00000000ebc80000,0x00000000edecc498,0x00000000edf00000)
  to   space 38912K, 0% used [0x00000000edf00000,0x00000000edf00000,0x00000000f0500000)
 ParOldGen       total 217088K, used 51605K [0x00000000a0000000, 0x00000000ad400000, 0x00000000e0000000)
  object space 217088K, 23% used [0x00000000a0000000,0x00000000a32657c8,0x00000000ad400000)
 Metaspace       used 80098K, capacity 83742K, committed 84056K, reserved 1122304K
  class space    used 10292K, capacity 11023K, committed 11136K, reserved 1048576K
GC Heap History (10 events):
Event: 114.906 GC heap before
{Heap before GC invocations=14 (full 3):
 PSYoungGen      total 178688K, used 158208K [0x00000000e0000000, 0x00000000ecd00000, 0x0000000100000000)
  eden space 158208K, 100% used [0x00000000e0000000,0x00000000e9a80000,0x00000000e9a80000)
  from space 20480K, 0% used [0x00000000eb080000,0x00000000eb080000,0x00000000ec480000)
  to   space 22528K, 0% used [0x00000000e9a80000,0x00000000e9a80000,0x00000000eb080000)
 ParOldGen       total 217088K, used 33789K [0x00000000a0000000, 0x00000000ad400000, 0x00000000e0000000)
  object space 217088K, 15% used [0x00000000a0000000,0x00000000a20ff4a8,0x00000000ad400000)
 Metaspace       used 64339K, capacity 66490K, committed 66648K, reserved 1107968K
  class space    used 8548K, capacity 9038K, committed 9088K, reserved 1048576K
Event: 114.929 GC heap after
Heap after GC invocations=14 (full 3):
 PSYoungGen      total 180736K, used 21711K [0x00000000e0000000, 0x00000000ee980000, 0x0000000100000000)
  eden space 158208K, 0% used [0x00000000e0000000,0x00000000e0000000,0x00000000e9a80000)
  from space 22528K, 96% used [0x00000000e9a80000,0x00000000eafb3ee0,0x00000000eb080000)
  to   space 25600K, 0% used [0x00000000ed080000,0x00000000ed080000,0x00000000ee980000)
 ParOldGen       total 217088K, used 33797K [0x00000000a0000000, 0x00000000ad400000, 0x00000000e0000000)
  object space 217088K, 15% used [0x00000000a0000000,0x00000000a21014a8,0x00000000ad400000)
 Metaspace       used 64339K, capacity 66490K, committed 66648K, reserved 1107968K
  class space    used 8548K, capacity 9038K, committed 9088K, reserved 1048576K
}
Event: 119.199 GC heap before
{Heap before GC invocations=15 (full 3):
 PSYoungGen      total 180736K, used 179919K [0x00000000e0000000, 0x00000000ee980000, 0x0000000100000000)
  eden space 158208K, 100% used [0x00000000e0000000,0x00000000e9a80000,0x00000000e9a80000)
  from space 22528K, 96% used [0x00000000e9a80000,0x00000000eafb3ee0,0x00000000eb080000)
  to   space 25600K, 0% used [0x00000000ed080000,0x00000000ed080000,0x00000000ee980000)
 ParOldGen       total 217088K, used 33797K [0x00000000a0000000, 0x00000000ad400000, 0x00000000e0000000)
  object space 217088K, 15% used [0x00000000a0000000,0x00000000a21014a8,0x00000000ad400000)
 Metaspace       used 74016K, capacity 77022K, committed 77272K, reserved 1116160K
  class space    used 9768K, capacity 10374K, committed 10496K, reserved 1048576K
Event: 119.243 GC heap after
Heap after GC invocations=15 (full 3):
 PSYoungGen      total 203776K, used 25577K [0x00000000e0000000, 0x00000000efc80000, 0x0000000100000000)
  eden space 178176K, 0% used [0x00000000e0000000,0x00000000e0000000,0x00000000eae00000)
  from space 25600K, 99% used [0x00000000ed080000,0x00000000ee97a4d0,0x00000000ee980000)
  to   space 35328K, 0% used [0x00000000eae00000,0x00000000eae00000,0x00000000ed080000)
 ParOldGen       total 217088K, used 51385K [0x00000000a0000000, 0x00000000ad400000, 0x00000000e0000000)
  object space 217088K, 23% used [0x00000000a0000000,0x00000000a322e428,0x00000000ad400000)
 Metaspace       used 74016K, capacity 77022K, committed 77272K, reserved 1116160K
  class space    used 9768K, capacity 10374K, committed 10496K, reserved 1048576K
}
Event: 296.168 GC heap before
{Heap before GC invocations=16 (full 3):
 PSYoungGen      total 203776K, used 203210K [0x00000000e0000000, 0x00000000efc80000, 0x0000000100000000)
  eden space 178176K, 99% used [0x00000000e0000000,0x00000000ead78710,0x00000000eae00000)
  from space 25600K, 99% used [0x00000000ed080000,0x00000000ee97a4d0,0x00000000ee980000)
  to   space 35328K, 0% used [0x00000000eae00000,0x00000000eae00000,0x00000000ed080000)
 ParOldGen       total 217088K, used 51385K [0x00000000a0000000, 0x00000000ad400000, 0x00000000e0000000)
  object space 217088K, 23% used [0x00000000a0000000,0x00000000a322e428,0x00000000ad400000)
 Metaspace       used 74743K, capacity 77962K, committed 78296K, reserved 1118208K
  class space    used 9792K, capacity 10414K, committed 10496K, reserved 1048576K
Event: 296.206 GC heap after
Heap after GC invocations=16 (full 3):
 PSYoungGen      total 213504K, used 32042K [0x00000000e0000000, 0x00000000f1580000, 0x0000000100000000)
  eden space 178176K, 0% used [0x00000000e0000000,0x00000000e0000000,0x00000000eae00000)
  from space 35328K, 90% used [0x00000000eae00000,0x00000000ecd4ab08,0x00000000ed080000)
  to   space 39424K, 0% used [0x00000000eef00000,0x00000000eef00000,0x00000000f1580000)
 ParOldGen       total 217088K, used 51385K [0x00000000a0000000, 0x00000000ad400000, 0x00000000e0000000)
  object space 217088K, 23% used [0x00000000a0000000,0x00000000a322e428,0x00000000ad400000)
 Metaspace       used 74743K, capacity 77962K, committed 78296K, reserved 1118208K
  class space    used 9792K, capacity 10414K, committed 10496K, reserved 1048576K
}
Event: 604.315 GC heap before
{Heap before GC invocations=17 (full 3):
 PSYoungGen      total 213504K, used 210218K [0x00000000e0000000, 0x00000000f1580000, 0x0000000100000000)
  eden space 178176K, 100% used [0x00000000e0000000,0x00000000eae00000,0x00000000eae00000)
  from space 35328K, 90% used [0x00000000eae00000,0x00000000ecd4ab08,0x00000000ed080000)
  to   space 39424K, 0% used [0x00000000eef00000,0x00000000eef00000,0x00000000f1580000)
 ParOldGen       total 217088K, used 51385K [0x00000000a0000000, 0x00000000ad400000, 0x00000000e0000000)
  object space 217088K, 23% used [0x00000000a0000000,0x00000000a322e428,0x00000000ad400000)
 Metaspace       used 75401K, capacity 78634K, committed 78808K, reserved 1118208K
  class space    used 9807K, capacity 10440K, committed 10496K, reserved 1048576K
Event: 604.361 GC heap after
Heap after GC invocations=17 (full 3):
 PSYoungGen      total 213504K, used 39413K [0x00000000e0000000, 0x00000000f1580000, 0x0000000100000000)
  eden space 174080K, 0% used [0x00000000e0000000,0x00000000e0000000,0x00000000eaa00000)
  from space 39424K, 99% used [0x00000000eef00000,0x00000000f157d7f8,0x00000000f1580000)
  to   space 45568K, 0% used [0x00000000ebc80000,0x00000000ebc80000,0x00000000ee900000)
 ParOldGen       total 217088K, used 51605K [0x00000000a0000000, 0x00000000ad400000, 0x00000000e0000000)
  object space 217088K, 23% used [0x00000000a0000000,0x00000000a32657c8,0x00000000ad400000)
 Metaspace       used 75401K, capacity 78634K, committed 78808K, reserved 1118208K
  class space    used 9807K, capacity 10440K, committed 10496K, reserved 1048576K
}
Event: 607.899 GC heap before
{Heap before GC invocations=18 (full 3):
 PSYoungGen      total 213504K, used 213450K [0x00000000e0000000, 0x00000000f1580000, 0x0000000100000000)
  eden space 174080K, 99% used [0x00000000e0000000,0x00000000ea9f5398,0x00000000eaa00000)
  from space 39424K, 99% used [0x00000000eef00000,0x00000000f157d7f8,0x00000000f1580000)
  to   space 45568K, 0% used [0x00000000ebc80000,0x00000000ebc80000,0x00000000ee900000)
 ParOldGen       total 217088K, used 51605K [0x00000000a0000000, 0x00000000ad400000, 0x00000000e0000000)
  object space 217088K, 23% used [0x00000000a0000000,0x00000000a32657c8,0x00000000ad400000)
 Metaspace       used 75672K, capacity 78976K, committed 79064K, reserved 1118208K
  class space    used 9808K, capacity 10441K, committed 10496K, reserved 1048576K
Event: 607.945 GC heap after
Heap after GC invocations=18 (full 3):
 PSYoungGen      total 205312K, used 35121K [0x00000000e0000000, 0x00000000f0500000, 0x0000000100000000)
  eden space 169984K, 0% used [0x00000000e0000000,0x00000000e0000000,0x00000000ea600000)
  from space 35328K, 99% used [0x00000000ebc80000,0x00000000edecc498,0x00000000edf00000)
  to   space 38912K, 0% used [0x00000000edf00000,0x00000000edf00000,0x00000000f0500000)
 ParOldGen       total 217088K, used 51605K [0x00000000a0000000, 0x00000000ad400000, 0x00000000e0000000)
  object space 217088K, 23% used [0x00000000a0000000,0x00000000a32657c8,0x00000000ad400000)
 Metaspace       used 75672K, capacity 78976K, committed 79064K, reserved 1118208K
  class space    used 9808K, capacity 10441K, committed 10496K, reserved 1048576K
}

