# JRE version: OpenJDK Runtime Environment (8.0_152-b06) (build 1.8.0_152-release-1136-b06)
# Java VM: OpenJDK 64-Bit Server VM (25.152-b06 mixed mode windows-amd64 compressed oops)
Heap:
 PSYoungGen      total 203776K, used 61091K [0x00000000e0000000, 0x00000000ed680000, 0x0000000100000000)
  eden space 197120K, 27% used [0x00000000e0000000,0x00000000e352eee8,0x00000000ec080000)
  from space 6656K, 99% used [0x00000000ed000000,0x00000000ed679d90,0x00000000ed680000)
  to   space 11264K, 0% used [0x00000000ec080000,0x00000000ec080000,0x00000000ecb80000)
 ParOldGen       total 126976K, used 23017K [0x00000000a0000000, 0x00000000a7c00000, 0x00000000e0000000)
  object space 126976K, 18% used [0x00000000a0000000,0x00000000a167a738,0x00000000a7c00000)
 Metaspace       used 48391K, capacity 49320K, committed 49496K, reserved 1091584K
  class space    used 6225K, capacity 6526K, committed 6528K, reserved 1048576K
GC Heap History (10 events):
Event: 10.925 GC heap before
{Heap before GC invocations=12 (full 2):
 PSYoungGen      total 174592K, used 7354K [0x00000000e0000000, 0x00000000ebc00000, 0x0000000100000000)
  eden space 162816K, 0% used [0x00000000e0000000,0x00000000e0000000,0x00000000e9f00000)
  from space 11776K, 62% used [0x00000000eaa80000,0x00000000eb1ae838,0x00000000eb600000)
  to   space 11776K, 0% used [0x00000000e9f00000,0x00000000e9f00000,0x00000000eaa80000)
 ParOldGen       total 79872K, used 11775K [0x00000000a0000000, 0x00000000a4e00000, 0x00000000e0000000)
  object space 79872K, 14% used [0x00000000a0000000,0x00000000a0b7fd38,0x00000000a4e00000)
 Metaspace       used 34602K, capacity 35336K, committed 35416K, reserved 1079296K
  class space    used 4729K, capacity 4991K, committed 4992K, reserved 1048576K
Event: 11.085 GC heap after
Heap after GC invocations=12 (full 2):
 PSYoungGen      total 174592K, used 0K [0x00000000e0000000, 0x00000000ebc00000, 0x0000000100000000)
  eden space 162816K, 0% used [0x00000000e0000000,0x00000000e0000000,0x00000000e9f00000)
  from space 11776K, 0% used [0x00000000eaa80000,0x00000000eaa80000,0x00000000eb600000)
  to   space 11776K, 0% used [0x00000000e9f00000,0x00000000e9f00000,0x00000000eaa80000)
 ParOldGen       total 126976K, used 17439K [0x00000000a0000000, 0x00000000a7c00000, 0x00000000e0000000)
  object space 126976K, 13% used [0x00000000a0000000,0x00000000a1107ff0,0x00000000a7c00000)
 Metaspace       used 34532K, capacity 35180K, committed 35416K, reserved 1079296K
  class space    used 4709K, capacity 4939K, committed 4992K, reserved 1048576K
}
Event: 44.347 GC heap before
{Heap before GC invocations=13 (full 2):
 PSYoungGen      total 174592K, used 162816K [0x00000000e0000000, 0x00000000ebc00000, 0x0000000100000000)
  eden space 162816K, 100% used [0x00000000e0000000,0x00000000e9f00000,0x00000000e9f00000)
  from space 11776K, 0% used [0x00000000eaa80000,0x00000000eaa80000,0x00000000eb600000)
  to   space 11776K, 0% used [0x00000000e9f00000,0x00000000e9f00000,0x00000000eaa80000)
 ParOldGen       total 126976K, used 17439K [0x00000000a0000000, 0x00000000a7c00000, 0x00000000e0000000)
  object space 126976K, 13% used [0x00000000a0000000,0x00000000a1107ff0,0x00000000a7c00000)
 Metaspace       used 41067K, capacity 41862K, committed 42200K, reserved 1085440K
  class space    used 5334K, capacity 5598K, committed 5632K, reserved 1048576K
Event: 44.393 GC heap after
Heap after GC invocations=13 (full 2):
 PSYoungGen      total 174592K, used 7319K [0x00000000e0000000, 0x00000000edb00000, 0x0000000100000000)
  eden space 162816K, 0% used [0x00000000e0000000,0x00000000e0000000,0x00000000e9f00000)
  from space 11776K, 62% used [0x00000000e9f00000,0x00000000ea625d70,0x00000000eaa80000)
  to   space 11264K, 0% used [0x00000000ed000000,0x00000000ed000000,0x00000000edb00000)
 ParOldGen       total 126976K, used 17528K [0x00000000a0000000, 0x00000000a7c00000, 0x00000000e0000000)
  object space 126976K, 13% used [0x00000000a0000000,0x00000000a111e000,0x00000000a7c00000)
 Metaspace       used 41067K, capacity 41862K, committed 42200K, reserved 1085440K
  class space    used 5334K, capacity 5598K, committed 5632K, reserved 1048576K
}
Event: 46.864 GC heap before
{Heap before GC invocations=14 (full 2):
 PSYoungGen      total 174592K, used 170135K [0x00000000e0000000, 0x00000000edb00000, 0x0000000100000000)
  eden space 162816K, 100% used [0x00000000e0000000,0x00000000e9f00000,0x00000000e9f00000)
  from space 11776K, 62% used [0x00000000e9f00000,0x00000000ea625d70,0x00000000eaa80000)
  to   space 11264K, 0% used [0x00000000ed000000,0x00000000ed000000,0x00000000edb00000)
 ParOldGen       total 126976K, used 17528K [0x00000000a0000000, 0x00000000a7c00000, 0x00000000e0000000)
  object space 126976K, 13% used [0x00000000a0000000,0x00000000a111e000,0x00000000a7c00000)
 Metaspace       used 41131K, capacity 41926K, committed 42200K, reserved 1085440K
  class space    used 5334K, capacity 5598K, committed 5632K, reserved 1048576K
Event: 46.872 GC heap after
Heap after GC invocations=14 (full 2):
 PSYoungGen      total 203776K, used 4994K [0x00000000e0000000, 0x00000000ed680000, 0x0000000100000000)
  eden space 197120K, 0% used [0x00000000e0000000,0x00000000e0000000,0x00000000ec080000)
  from space 6656K, 75% used [0x00000000ed000000,0x00000000ed4e0b08,0x00000000ed680000)
  to   space 11264K, 0% used [0x00000000ec080000,0x00000000ec080000,0x00000000ecb80000)
 ParOldGen       total 126976K, used 17536K [0x00000000a0000000, 0x00000000a7c00000, 0x00000000e0000000)
  object space 126976K, 13% used [0x00000000a0000000,0x00000000a1120000,0x00000000a7c00000)
 Metaspace       used 41131K, capacity 41926K, committed 42200K, reserved 1085440K
  class space    used 5334K, capacity 5598K, committed 5632K, reserved 1048576K
}
Event: 54.372 GC heap before
{Heap before GC invocations=15 (full 2):
 PSYoungGen      total 203776K, used 202114K [0x00000000e0000000, 0x00000000ed680000, 0x0000000100000000)
  eden space 197120K, 100% used [0x00000000e0000000,0x00000000ec080000,0x00000000ec080000)
  from space 6656K, 75% used [0x00000000ed000000,0x00000000ed4e0b08,0x00000000ed680000)
  to   space 11264K, 0% used [0x00000000ec080000,0x00000000ec080000,0x00000000ecb80000)
 ParOldGen       total 126976K, used 17536K [0x00000000a0000000, 0x00000000a7c00000, 0x00000000e0000000)
  object space 126976K, 13% used [0x00000000a0000000,0x00000000a1120000,0x00000000a7c00000)
 Metaspace       used 41297K, capacity 42002K, committed 42200K, reserved 1085440K
  class space    used 5338K, capacity 5600K, committed 5632K, reserved 1048576K
Event: 54.384 GC heap after
Heap after GC invocations=15 (full 2):
 PSYoungGen      total 208384K, used 7445K [0x00000000e0000000, 0x00000000ed680000, 0x0000000100000000)
  eden space 197120K, 0% used [0x00000000e0000000,0x00000000e0000000,0x00000000ec080000)
  from space 11264K, 66% used [0x00000000ec080000,0x00000000ec7c55d8,0x00000000ecb80000)
  to   space 6656K, 0% used [0x00000000ed000000,0x00000000ed000000,0x00000000ed680000)
 ParOldGen       total 126976K, used 17544K [0x00000000a0000000, 0x00000000a7c00000, 0x00000000e0000000)
  object space 126976K, 13% used [0x00000000a0000000,0x00000000a1122000,0x00000000a7c00000)
 Metaspace       used 41297K, capacity 42002K, committed 42200K, reserved 1085440K
  class space    used 5338K, capacity 5600K, committed 5632K, reserved 1048576K
}
Event: 57.230 GC heap before
{Heap before GC invocations=16 (full 2):
 PSYoungGen      total 208384K, used 204565K [0x00000000e0000000, 0x00000000ed680000, 0x0000000100000000)
  eden space 197120K, 100% used [0x00000000e0000000,0x00000000ec080000,0x00000000ec080000)
  from space 11264K, 66% used [0x00000000ec080000,0x00000000ec7c55d8,0x00000000ecb80000)
  to   space 6656K, 0% used [0x00000000ed000000,0x00000000ed000000,0x00000000ed680000)
 ParOldGen       total 126976K, used 17544K [0x00000000a0000000, 0x00000000a7c00000, 0x00000000e0000000)
  object space 126976K, 13% used [0x00000000a0000000,0x00000000a1122000,0x00000000a7c00000)
 Metaspace       used 45754K, capacity 46766K, committed 46936K, reserved 1089536K
  class space    used 5940K, capacity 6253K, committed 6272K, reserved 1048576K
Event: 57.249 GC heap after
Heap after GC invocations=16 (full 2):
 PSYoungGen      total 203776K, used 6631K [0x00000000e0000000, 0x00000000ed680000, 0x0000000100000000)
  eden space 197120K, 0% used [0x00000000e0000000,0x00000000e0000000,0x00000000ec080000)
  from space 6656K, 99% used [0x00000000ed000000,0x00000000ed679d90,0x00000000ed680000)
  to   space 11264K, 0% used [0x00000000ec080000,0x00000000ec080000,0x00000000ecb80000)
 ParOldGen       total 126976K, used 23017K [0x00000000a0000000, 0x00000000a7c00000, 0x00000000e0000000)
  object space 126976K, 18% used [0x00000000a0000000,0x00000000a167a738,0x00000000a7c00000)
 Metaspace       used 45754K, capacity 46766K, committed 46936K, reserved 1089536K
  class space    used 5940K, capacity 6253K, committed 6272K, reserved 1048576K
}

