# JRE version: OpenJDK Runtime Environment (8.0_152-b02) (build 1.8.0_152-release-1024-b02)
# Java VM: OpenJDK 64-Bit Server VM (25.152-b02 mixed mode windows-amd64 compressed oops)
Heap:
 PSYoungGen      total 78336K, used 3440K [0x00000000e0000000, 0x00000000e5b00000, 0x0000000100000000)
  eden space 65536K, 5% used [0x00000000e0000000,0x00000000e035c258,0x00000000e4000000)
  from space 12800K, 0% used [0x00000000e4000000,0x00000000e4000000,0x00000000e4c80000)
  to   space 12288K, 0% used [0x00000000e4c80000,0x00000000e4c80000,0x00000000e5880000)
 ParOldGen       total 124928K, used 14360K [0x00000000a0000000, 0x00000000a7a00000, 0x00000000e0000000)
  object space 124928K, 11% used [0x00000000a0000000,0x00000000a0e06268,0x00000000a7a00000)
 Metaspace       used 35239K, capacity 35824K, committed 36056K, reserved 1081344K
  class space    used 4826K, capacity 5020K, committed 5120K, reserved 1048576K
GC Heap History (10 events):
Event: 9.546 GC heap before
{Heap before GC invocations=5 (full 1):
 PSYoungGen      total 56832K, used 49152K [0x00000000e0000000, 0x00000000e3f00000, 0x0000000100000000)
  eden space 49152K, 100% used [0x00000000e0000000,0x00000000e3000000,0x00000000e3000000)
  from space 7680K, 0% used [0x00000000e3000000,0x00000000e3000000,0x00000000e3780000)
  to   space 7680K, 0% used [0x00000000e3780000,0x00000000e3780000,0x00000000e3f00000)
 ParOldGen       total 97792K, used 11033K [0x00000000a0000000, 0x00000000a5f80000, 0x00000000e0000000)
  object space 97792K, 11% used [0x00000000a0000000,0x00000000a0ac6468,0x00000000a5f80000)
 Metaspace       used 25590K, capacity 26078K, committed 26496K, reserved 1073152K
  class space    used 3493K, capacity 3644K, committed 3712K, reserved 1048576K
Event: 9.555 GC heap after
Heap after GC invocations=5 (full 1):
 PSYoungGen      total 56832K, used 5436K [0x00000000e0000000, 0x00000000e4f00000, 0x0000000100000000)
  eden space 49152K, 0% used [0x00000000e0000000,0x00000000e0000000,0x00000000e3000000)
  from space 7680K, 70% used [0x00000000e3780000,0x00000000e3ccf368,0x00000000e3f00000)
  to   space 7680K, 0% used [0x00000000e3000000,0x00000000e3000000,0x00000000e3780000)
 ParOldGen       total 97792K, used 11041K [0x00000000a0000000, 0x00000000a5f80000, 0x00000000e0000000)
  object space 97792K, 11% used [0x00000000a0000000,0x00000000a0ac8468,0x00000000a5f80000)
 Metaspace       used 25590K, capacity 26078K, committed 26496K, reserved 1073152K
  class space    used 3493K, capacity 3644K, committed 3712K, reserved 1048576K
}
Event: 10.925 GC heap before
{Heap before GC invocations=6 (full 1):
 PSYoungGen      total 56832K, used 54588K [0x00000000e0000000, 0x00000000e4f00000, 0x0000000100000000)
  eden space 49152K, 100% used [0x00000000e0000000,0x00000000e3000000,0x00000000e3000000)
  from space 7680K, 70% used [0x00000000e3780000,0x00000000e3ccf368,0x00000000e3f00000)
  to   space 7680K, 0% used [0x00000000e3000000,0x00000000e3000000,0x00000000e3780000)
 ParOldGen       total 97792K, used 11041K [0x00000000a0000000, 0x00000000a5f80000, 0x00000000e0000000)
  object space 97792K, 11% used [0x00000000a0000000,0x00000000a0ac8468,0x00000000a5f80000)
 Metaspace       used 28474K, capacity 28854K, committed 29312K, reserved 1075200K
  class space    used 3980K, capacity 4100K, committed 4224K, reserved 1048576K
Event: 10.933 GC heap after
Heap after GC invocations=6 (full 1):
 PSYoungGen      total 56832K, used 6444K [0x00000000e0000000, 0x00000000e5880000, 0x0000000100000000)
  eden space 49152K, 0% used [0x00000000e0000000,0x00000000e0000000,0x00000000e3000000)
  from space 7680K, 83% used [0x00000000e3000000,0x00000000e364b2c8,0x00000000e3780000)
  to   space 12288K, 0% used [0x00000000e4c80000,0x00000000e4c80000,0x00000000e5880000)
 ParOldGen       total 97792K, used 11041K [0x00000000a0000000, 0x00000000a5f80000, 0x00000000e0000000)
  object space 97792K, 11% used [0x00000000a0000000,0x00000000a0ac8468,0x00000000a5f80000)
 Metaspace       used 28474K, capacity 28854K, committed 29312K, reserved 1075200K
  class space    used 3980K, capacity 4100K, committed 4224K, reserved 1048576K
}
Event: 12.805 GC heap before
{Heap before GC invocations=7 (full 1):
 PSYoungGen      total 56832K, used 55596K [0x00000000e0000000, 0x00000000e5880000, 0x0000000100000000)
  eden space 49152K, 100% used [0x00000000e0000000,0x00000000e3000000,0x00000000e3000000)
  from space 7680K, 83% used [0x00000000e3000000,0x00000000e364b2c8,0x00000000e3780000)
  to   space 12288K, 0% used [0x00000000e4c80000,0x00000000e4c80000,0x00000000e5880000)
 ParOldGen       total 97792K, used 11041K [0x00000000a0000000, 0x00000000a5f80000, 0x00000000e0000000)
  object space 97792K, 11% used [0x00000000a0000000,0x00000000a0ac8468,0x00000000a5f80000)
 Metaspace       used 33768K, capacity 34236K, committed 34432K, reserved 1079296K
  class space    used 4683K, capacity 4876K, committed 4992K, reserved 1048576K
Event: 12.819 GC heap after
Heap after GC invocations=7 (full 1):
 PSYoungGen      total 77824K, used 9800K [0x00000000e0000000, 0x00000000e5b00000, 0x0000000100000000)
  eden space 65536K, 0% used [0x00000000e0000000,0x00000000e0000000,0x00000000e4000000)
  from space 12288K, 79% used [0x00000000e4c80000,0x00000000e5612380,0x00000000e5880000)
  to   space 12800K, 0% used [0x00000000e4000000,0x00000000e4000000,0x00000000e4c80000)
 ParOldGen       total 97792K, used 11049K [0x00000000a0000000, 0x00000000a5f80000, 0x00000000e0000000)
  object space 97792K, 11% used [0x00000000a0000000,0x00000000a0aca468,0x00000000a5f80000)
 Metaspace       used 33768K, capacity 34236K, committed 34432K, reserved 1079296K
  class space    used 4683K, capacity 4876K, committed 4992K, reserved 1048576K
}
Event: 12.901 GC heap before
{Heap before GC invocations=8 (full 1):
 PSYoungGen      total 77824K, used 15624K [0x00000000e0000000, 0x00000000e5b00000, 0x0000000100000000)
  eden space 65536K, 8% used [0x00000000e0000000,0x00000000e05afef8,0x00000000e4000000)
  from space 12288K, 79% used [0x00000000e4c80000,0x00000000e5612380,0x00000000e5880000)
  to   space 12800K, 0% used [0x00000000e4000000,0x00000000e4000000,0x00000000e4c80000)
 ParOldGen       total 97792K, used 11049K [0x00000000a0000000, 0x00000000a5f80000, 0x00000000e0000000)
  object space 97792K, 11% used [0x00000000a0000000,0x00000000a0aca468,0x00000000a5f80000)
 Metaspace       used 34789K, capacity 35284K, committed 35416K, reserved 1079296K
  class space    used 4768K, capacity 4950K, committed 4992K, reserved 1048576K
Event: 12.913 GC heap after
Heap after GC invocations=8 (full 1):
 PSYoungGen      total 78336K, used 7383K [0x00000000e0000000, 0x00000000e5b00000, 0x0000000100000000)
  eden space 65536K, 0% used [0x00000000e0000000,0x00000000e0000000,0x00000000e4000000)
  from space 12800K, 57% used [0x00000000e4000000,0x00000000e4735c18,0x00000000e4c80000)
  to   space 12288K, 0% used [0x00000000e4c80000,0x00000000e4c80000,0x00000000e5880000)
 ParOldGen       total 97792K, used 11057K [0x00000000a0000000, 0x00000000a5f80000, 0x00000000e0000000)
  object space 97792K, 11% used [0x00000000a0000000,0x00000000a0acc468,0x00000000a5f80000)
 Metaspace       used 34789K, capacity 35284K, committed 35416K, reserved 1079296K
  class space    used 4768K, capacity 4950K, committed 4992K, reserved 1048576K
}
Event: 12.913 GC heap before
{Heap before GC invocations=9 (full 2):
 PSYoungGen      total 78336K, used 7383K [0x00000000e0000000, 0x00000000e5b00000, 0x0000000100000000)
  eden space 65536K, 0% used [0x00000000e0000000,0x00000000e0000000,0x00000000e4000000)
  from space 12800K, 57% used [0x00000000e4000000,0x00000000e4735c18,0x00000000e4c80000)
  to   space 12288K, 0% used [0x00000000e4c80000,0x00000000e4c80000,0x00000000e5880000)
 ParOldGen       total 97792K, used 11057K [0x00000000a0000000, 0x00000000a5f80000, 0x00000000e0000000)
  object space 97792K, 11% used [0x00000000a0000000,0x00000000a0acc468,0x00000000a5f80000)
 Metaspace       used 34789K, capacity 35284K, committed 35416K, reserved 1079296K
  class space    used 4768K, capacity 4950K, committed 4992K, reserved 1048576K
Event: 13.027 GC heap after
Heap after GC invocations=9 (full 2):
 PSYoungGen      total 78336K, used 0K [0x00000000e0000000, 0x00000000e5b00000, 0x0000000100000000)
  eden space 65536K, 0% used [0x00000000e0000000,0x00000000e0000000,0x00000000e4000000)
  from space 12800K, 0% used [0x00000000e4000000,0x00000000e4000000,0x00000000e4c80000)
  to   space 12288K, 0% used [0x00000000e4c80000,0x00000000e4c80000,0x00000000e5880000)
 ParOldGen       total 124928K, used 14360K [0x00000000a0000000, 0x00000000a7a00000, 0x00000000e0000000)
  object space 124928K, 11% used [0x00000000a0000000,0x00000000a0e06268,0x00000000a7a00000)
 Metaspace       used 34789K, capacity 35284K, committed 35416K, reserved 1079296K
  class space    used 4768K, capacity 4950K, committed 4992K, reserved 1048576K
}

